<?xml version="1.0" encoding="UTF-8"?>
<testng-results ignored="0" total="1" passed="1" failed="0" skipped="0">
  <reporter-output>
  </reporter-output>
  <suite started-at="2023-02-06T20:03:11 IST" name="Default suite" finished-at="2023-02-06T20:03:30 IST" duration-ms="18626">
    <groups>
    </groups>
    <test started-at="2023-02-06T20:03:11 IST" name="Default test" finished-at="2023-02-06T20:03:30 IST" duration-ms="18626">
      <class name="executeTestTs.TableTest">
        <test-method is-config="true" signature="launchBrowser()[pri:0, instance:executeTestTs.TableTest@74d1dc36]" started-at="2023-02-06T20:03:11 IST" name="launchBrowser" finished-at="2023-02-06T20:03:28 IST" duration-ms="16474" status="PASS">
          <reporter-output>
          </reporter-output>
        </test-method> <!-- launchBrowser -->
        <test-method signature="verifyText()[pri:0, instance:executeTestTs.TableTest@74d1dc36]" started-at="2023-02-06T20:03:28 IST" name="verifyText" finished-at="2023-02-06T20:03:30 IST" duration-ms="2051" status="PASS">
          <reporter-output>
          </reporter-output>
        </test-method> <!-- verifyText -->
        <test-method is-config="true" signature="closeBrowser()[pri:0, instance:executeTestTs.TableTest@74d1dc36]" started-at="2023-02-06T20:03:30 IST" name="closeBrowser" finished-at="2023-02-06T20:03:30 IST" duration-ms="1" status="PASS">
          <reporter-output>
          </reporter-output>
        </test-method> <!-- closeBrowser -->
      </class> <!-- executeTestTs.TableTest -->
    </test> <!-- Default test -->
  </suite> <!-- Default suite -->
</testng-results>
